
[libprotobuf WARNING google/protobuf/io/coded_stream.cc:505] Reading dangerously large protocol message.  If the message turns out to be larger than 1073741824 bytes, parsing will be halted for security reasons.  To increase the limit (or to disable these warnings), see CodedInputStream::SetTotalBytesLimit() in google/protobuf/io/coded_stream.h.
[libprotobuf WARNING google/protobuf/io/coded_stream.cc:78] The total number of bytes read was 574671192
[?1034hSuccessfully loaded models/VGG_ILSVRC_19_layers.caffemodel
conv1_1: 64 3 3 3
conv1_2: 64 64 3 3
conv2_1: 128 64 3 3
conv2_2: 128 128 3 3
conv3_1: 256 128 3 3
conv3_2: 256 256 3 3
conv3_3: 256 256 3 3
conv3_4: 256 256 3 3
conv4_1: 512 256 3 3
conv4_2: 512 512 3 3
conv4_3: 512 512 3 3
conv4_4: 512 512 3 3
conv5_1: 512 512 3 3
conv5_2: 512 512 3 3
conv5_3: 512 512 3 3
conv5_4: 512 512 3 3
fc6: 1 1 25088 4096
fc7: 1 1 4096 4096
fc8: 1 1 4096 1000
Setting up style layer  	2	:	relu1_1	
Setting up style layer  	7	:	relu2_1	
Setting up style layer  	12	:	relu3_1	
Setting up style layer  	21	:	relu4_1	
Setting up content layer	23	:	relu4_2	
Setting up style layer  	30	:	relu5_1	
WARNING: Skipping content loss	
Running optimization with L-BFGS	
<optim.lbfgs> 	creating recyclable direction/step/history buffers	
Iteration 50 / 1000	
  Content 1 loss: 980932.265625	
  Style 1 loss: 2039.393311	
  Style 2 loss: 104836.103516	
  Style 3 loss: 22335.913086	
  Style 4 loss: 189345.742188	
  Style 5 loss: 76.907048	
  Total loss: 1299566.324773	
Iteration 100 / 1000	
  Content 1 loss: 851271.093750	
  Style 1 loss: 1523.887024	
  Style 2 loss: 66274.482422	
  Style 3 loss: 13193.582764	
  Style 4 loss: 132649.648438	
  Style 5 loss: 87.747536	
  Total loss: 1065000.441933	
Iteration 150 / 1000	
  Content 1 loss: 809106.484375	
  Style 1 loss: 1295.532379	
  Style 2 loss: 53403.754883	
  Style 3 loss: 10486.953125	
  Style 4 loss: 128312.568359	
  Style 5 loss: 92.213068	
  Total loss: 1002697.506189	
Iteration 200 / 1000	
  Content 1 loss: 790556.796875	
  Style 1 loss: 1119.445038	
  Style 2 loss: 45106.113281	
  Style 3 loss: 9646.657715	
  Style 4 loss: 126720.136719	
  Style 5 loss: 93.746996	
  Total loss: 973242.896624	
Iteration 250 / 1000	
  Content 1 loss: 780441.406250	
  Style 1 loss: 973.665848	
  Style 2 loss: 38467.978516	
  Style 3 loss: 9302.671509	
  Style 4 loss: 125588.291016	
  Style 5 loss: 94.568195	
  Total loss: 954868.581333	
Iteration 300 / 1000	
  Content 1 loss: 774218.750000	
  Style 1 loss: 937.830963	
  Style 2 loss: 34401.206055	
  Style 3 loss: 9283.473511	
  Style 4 loss: 124423.281250	
  Style 5 loss: 95.376692	
  Total loss: 943359.918470	
Iteration 350 / 1000	
  Content 1 loss: 770745.156250	
  Style 1 loss: 957.351837	
  Style 2 loss: 32505.778809	
  Style 3 loss: 9416.754150	
  Style 4 loss: 122476.328125	
  Style 5 loss: 96.011810	
  Total loss: 936197.380981	
Iteration 400 / 1000	
  Content 1 loss: 767329.687500	
  Style 1 loss: 967.607346	
  Style 2 loss: 31550.593262	
  Style 3 loss: 9552.610474	
  Style 4 loss: 121325.410156	
  Style 5 loss: 96.841822	
  Total loss: 930822.750559	
Iteration 450 / 1000	
  Content 1 loss: 764291.250000	
  Style 1 loss: 957.844009	
  Style 2 loss: 31161.479492	
  Style 3 loss: 9702.742310	
  Style 4 loss: 120496.679688	
  Style 5 loss: 97.387562	
  Total loss: 926707.383060	
Iteration 500 / 1000	
  Content 1 loss: 761829.765625	
  Style 1 loss: 938.731155	
  Style 2 loss: 30940.258789	
  Style 3 loss: 9852.648926	
  Style 4 loss: 119865.878906	
  Style 5 loss: 97.909269	
  Total loss: 923525.192671	
Iteration 550 / 1000	
  Content 1 loss: 759745.000000	
  Style 1 loss: 919.825897	
  Style 2 loss: 30919.020996	
  Style 3 loss: 10000.532837	
  Style 4 loss: 119248.701172	
  Style 5 loss: 98.080959	
  Total loss: 920931.161861	
Iteration 600 / 1000	
  Content 1 loss: 757632.343750	
  Style 1 loss: 902.405396	
  Style 2 loss: 30938.344727	
  Style 3 loss: 10120.432129	
  Style 4 loss: 118913.339844	
  Style 5 loss: 98.347540	
  Total loss: 918605.213385	
Iteration 650 / 1000	
  Content 1 loss: 755754.687500	
  Style 1 loss: 891.141357	
  Style 2 loss: 30944.521484	
  Style 3 loss: 10190.601196	
  Style 4 loss: 118568.056641	
  Style 5 loss: 98.663073	
  Total loss: 916447.671251	
Iteration 700 / 1000	
  Content 1 loss: 754280.937500	
  Style 1 loss: 886.659241	
  Style 2 loss: 30988.540039	
  Style 3 loss: 10274.277344	
  Style 4 loss: 118254.521484	
  Style 5 loss: 98.894062	
  Total loss: 914783.829670	
Iteration 750 / 1000	
  Content 1 loss: 753044.218750	
  Style 1 loss: 889.636383	
  Style 2 loss: 31022.355957	
  Style 3 loss: 10347.695312	
  Style 4 loss: 117946.914062	
  Style 5 loss: 99.030018	
  Total loss: 913349.850483	
Iteration 800 / 1000	
  Content 1 loss: 751716.796875	
  Style 1 loss: 899.850464	
  Style 2 loss: 31122.946777	
  Style 3 loss: 10414.100342	
  Style 4 loss: 117945.527344	
  Style 5 loss: 99.170437	
  Total loss: 912198.392239	
Iteration 850 / 1000	
  Content 1 loss: 750531.562500	
  Style 1 loss: 917.073364	
  Style 2 loss: 31226.721191	
  Style 3 loss: 10462.309570	
  Style 4 loss: 117887.255859	
  Style 5 loss: 99.271784	
  Total loss: 911124.194269	
Iteration 900 / 1000	
  Content 1 loss: 749124.140625	
  Style 1 loss: 939.756927	
  Style 2 loss: 31336.069336	
  Style 3 loss: 10511.108398	
  Style 4 loss: 118084.677734	
  Style 5 loss: 99.358435	
  Total loss: 910095.111456	
Iteration 950 / 1000	
  Content 1 loss: 747695.937500	
  Style 1 loss: 965.535431	
  Style 2 loss: 31442.026367	
  Style 3 loss: 10531.477051	
  Style 4 loss: 118341.699219	
  Style 5 loss: 99.432192	
  Total loss: 909076.107759	
Iteration 1000 / 1000	
  Content 1 loss: 745994.375000	
  Style 1 loss: 993.881531	
  Style 2 loss: 31554.296875	
  Style 3 loss: 10545.080566	
  Style 4 loss: 118763.242188	
  Style 5 loss: 99.517193	
  Total loss: 907950.393353	
<optim.lbfgs> 	reached max number of iterations	
[libprotobuf WARNING google/protobuf/io/coded_stream.cc:505] Reading dangerously large protocol message.  If the message turns out to be larger than 1073741824 bytes, parsing will be halted for security reasons.  To increase the limit (or to disable these warnings), see CodedInputStream::SetTotalBytesLimit() in google/protobuf/io/coded_stream.h.
[libprotobuf WARNING google/protobuf/io/coded_stream.cc:78] The total number of bytes read was 574671192
[?1034hSuccessfully loaded models/VGG_ILSVRC_19_layers.caffemodel
conv1_1: 64 3 3 3
conv1_2: 64 64 3 3
conv2_1: 128 64 3 3
conv2_2: 128 128 3 3
conv3_1: 256 128 3 3
conv3_2: 256 256 3 3
conv3_3: 256 256 3 3
conv3_4: 256 256 3 3
conv4_1: 512 256 3 3
conv4_2: 512 512 3 3
conv4_3: 512 512 3 3
conv4_4: 512 512 3 3
conv5_1: 512 512 3 3
conv5_2: 512 512 3 3
conv5_3: 512 512 3 3
conv5_4: 512 512 3 3
fc6: 1 1 25088 4096
fc7: 1 1 4096 4096
fc8: 1 1 4096 1000
Setting up style layer  	2	:	relu1_1	
Setting up style layer  	7	:	relu2_1	
Setting up style layer  	12	:	relu3_1	
Setting up style layer  	21	:	relu4_1	
Setting up content layer	23	:	relu4_2	
Setting up style layer  	30	:	relu5_1	
WARNING: Skipping content loss	
Running optimization with L-BFGS	
<optim.lbfgs> 	creating recyclable direction/step/history buffers	
Iteration 50 / 1000	
  Content 1 loss: 811498.671875	
  Style 1 loss: 5004.714966	
  Style 2 loss: 52366.166992	
  Style 3 loss: 12313.709717	
  Style 4 loss: 139356.269531	
  Style 5 loss: 89.733181	
  Total loss: 1020629.266262	
Iteration 100 / 1000	
  Content 1 loss: 773121.250000	
  Style 1 loss: 4507.630005	
  Style 2 loss: 47004.477539	
  Style 3 loss: 11031.163330	
  Style 4 loss: 130649.033203	
  Style 5 loss: 94.199228	
  Total loss: 966407.753305	
Iteration 150 / 1000	
  Content 1 loss: 760766.875000	
  Style 1 loss: 4066.993408	
  Style 2 loss: 43872.924805	
  Style 3 loss: 10597.584229	
  Style 4 loss: 127894.707031	
  Style 5 loss: 95.699110	
  Total loss: 947294.783583	
Iteration 200 / 1000	
  Content 1 loss: 753768.437500	
  Style 1 loss: 3680.404358	
  Style 2 loss: 42079.458008	
  Style 3 loss: 10452.122803	
  Style 4 loss: 126731.484375	
  Style 5 loss: 96.290531	
  Total loss: 936808.197575	
Iteration 250 / 1000	
  Content 1 loss: 748338.515625	
  Style 1 loss: 3323.194275	
  Style 2 loss: 40457.502441	
  Style 3 loss: 10335.205078	
  Style 4 loss: 126026.865234	
  Style 5 loss: 96.847744	
  Total loss: 928578.130398	
Iteration 300 / 1000	
  Content 1 loss: 744311.484375	
  Style 1 loss: 3031.739197	
  Style 2 loss: 39145.305176	
  Style 3 loss: 10294.799805	
  Style 4 loss: 125628.232422	
  Style 5 loss: 97.309456	
  Total loss: 922508.870430	
Iteration 350 / 1000	
  Content 1 loss: 741023.437500	
  Style 1 loss: 2785.228577	
  Style 2 loss: 38015.136719	
  Style 3 loss: 10271.779785	
  Style 4 loss: 125325.751953	
  Style 5 loss: 97.644539	
  Total loss: 917518.979073	
Iteration 400 / 1000	
  Content 1 loss: 739316.406250	
  Style 1 loss: 2601.947937	
  Style 2 loss: 37191.994629	
  Style 3 loss: 10289.686279	
  Style 4 loss: 124784.287109	
  Style 5 loss: 97.861252	
  Total loss: 914282.183456	
Iteration 450 / 1000	
  Content 1 loss: 737902.343750	
  Style 1 loss: 2452.881622	
  Style 2 loss: 36545.534668	
  Style 3 loss: 10316.956787	
  Style 4 loss: 124428.486328	
  Style 5 loss: 98.054399	
  Total loss: 911744.257555	
Iteration 500 / 1000	
  Content 1 loss: 736571.718750	
  Style 1 loss: 2335.905457	
  Style 2 loss: 36051.145020	
  Style 3 loss: 10349.049072	
  Style 4 loss: 124150.849609	
  Style 5 loss: 98.249378	
  Total loss: 909556.917286	
Iteration 550 / 1000	
  Content 1 loss: 735261.484375	
  Style 1 loss: 2250.662537	
  Style 2 loss: 35777.797852	
  Style 3 loss: 10375.997314	
  Style 4 loss: 124008.955078	
  Style 5 loss: 98.360672	
  Total loss: 907773.257828	
Iteration 600 / 1000	
  Content 1 loss: 734619.140625	
  Style 1 loss: 2182.149353	
  Style 2 loss: 35596.967773	
  Style 3 loss: 10412.972412	
  Style 4 loss: 123715.302734	
  Style 5 loss: 98.494663	
  Total loss: 906625.027561	
Iteration 650 / 1000	
  Content 1 loss: 734417.421875	
  Style 1 loss: 2125.024719	
  Style 2 loss: 35468.618164	
  Style 3 loss: 10448.952637	
  Style 4 loss: 123330.644531	
  Style 5 loss: 98.692875	
  Total loss: 905889.354801	
Iteration 700 / 1000	
  Content 1 loss: 734243.281250	
  Style 1 loss: 2075.483856	
  Style 2 loss: 35347.319336	
  Style 3 loss: 10469.602051	
  Style 4 loss: 123049.003906	
  Style 5 loss: 98.819475	
  Total loss: 905283.509874	
Iteration 750 / 1000	
  Content 1 loss: 734090.156250	
  Style 1 loss: 2028.923798	
  Style 2 loss: 35235.656738	
  Style 3 loss: 10488.618164	
  Style 4 loss: 122784.892578	
  Style 5 loss: 98.877411	
  Total loss: 904727.124939	
Iteration 800 / 1000	
  Content 1 loss: 734017.265625	
  Style 1 loss: 1985.353394	
  Style 2 loss: 35145.671387	
  Style 3 loss: 10502.554932	
  Style 4 loss: 122477.480469	
  Style 5 loss: 98.949156	
  Total loss: 904227.274961	
Iteration 850 / 1000	
  Content 1 loss: 733915.312500	
  Style 1 loss: 1945.018005	
  Style 2 loss: 35069.228516	
  Style 3 loss: 10515.563965	
  Style 4 loss: 122262.128906	
  Style 5 loss: 98.974123	
  Total loss: 903806.226015	
Iteration 900 / 1000	
  Content 1 loss: 733881.406250	
  Style 1 loss: 1907.256317	
  Style 2 loss: 34981.152344	
  Style 3 loss: 10522.949219	
  Style 4 loss: 122019.873047	
  Style 5 loss: 99.033728	
  Total loss: 903411.670904	
Iteration 950 / 1000	
  Content 1 loss: 733835.703125	
  Style 1 loss: 1872.523804	
  Style 2 loss: 34903.901367	
  Style 3 loss: 10532.230225	
  Style 4 loss: 121820.341797	
  Style 5 loss: 99.091730	
  Total loss: 903063.792048	
Iteration 1000 / 1000	
  Content 1 loss: 733775.312500	
  Style 1 loss: 1838.622742	
  Style 2 loss: 34837.341309	
  Style 3 loss: 10537.357178	
  Style 4 loss: 121656.318359	
  Style 5 loss: 99.120741	
  Total loss: 902744.072828	
<optim.lbfgs> 	reached max number of iterations	
[libprotobuf WARNING google/protobuf/io/coded_stream.cc:505] Reading dangerously large protocol message.  If the message turns out to be larger than 1073741824 bytes, parsing will be halted for security reasons.  To increase the limit (or to disable these warnings), see CodedInputStream::SetTotalBytesLimit() in google/protobuf/io/coded_stream.h.
[libprotobuf WARNING google/protobuf/io/coded_stream.cc:78] The total number of bytes read was 574671192
[?1034hSuccessfully loaded models/VGG_ILSVRC_19_layers.caffemodel
conv1_1: 64 3 3 3
conv1_2: 64 64 3 3
conv2_1: 128 64 3 3
conv2_2: 128 128 3 3
conv3_1: 256 128 3 3
conv3_2: 256 256 3 3
conv3_3: 256 256 3 3
conv3_4: 256 256 3 3
conv4_1: 512 256 3 3
conv4_2: 512 512 3 3
conv4_3: 512 512 3 3
conv4_4: 512 512 3 3
conv5_1: 512 512 3 3
conv5_2: 512 512 3 3
conv5_3: 512 512 3 3
conv5_4: 512 512 3 3
fc6: 1 1 25088 4096
fc7: 1 1 4096 4096
fc8: 1 1 4096 1000
Setting up style layer  	2	:	relu1_1	
Setting up style layer  	7	:	relu2_1	
Setting up style layer  	12	:	relu3_1	
Setting up style layer  	21	:	relu4_1	
Setting up content layer	23	:	relu4_2	
Setting up style layer  	30	:	relu5_1	
WARNING: Skipping content loss	
Running optimization with L-BFGS	
<optim.lbfgs> 	creating recyclable direction/step/history buffers	
Iteration 50 / 1000	
  Content 1 loss: 1797501.093750	
  Style 1 loss: 16972.967529	
  Style 2 loss: 349647.314453	
  Style 3 loss: 110826.770020	
  Style 4 loss: 435929.199219	
  Style 5 loss: 424.835491	
  Total loss: 2711302.180462	
Iteration 100 / 1000	
  Content 1 loss: 1420767.812500	
  Style 1 loss: 11910.584259	
  Style 2 loss: 155904.223633	
  Style 3 loss: 43750.421143	
  Style 4 loss: 151645.031738	
  Style 5 loss: 455.403662	
  Total loss: 1784433.476934	
Iteration 150 / 1000	
  Content 1 loss: 1265405.937500	
  Style 1 loss: 7837.380219	
  Style 2 loss: 81145.587158	
  Style 3 loss: 25949.606323	
  Style 4 loss: 120571.899414	
  Style 5 loss: 514.447546	
  Total loss: 1501424.858160	
Iteration 200 / 1000	
  Content 1 loss: 1187375.390625	
  Style 1 loss: 5893.353271	
  Style 2 loss: 58684.326172	
  Style 3 loss: 19251.232910	
  Style 4 loss: 111957.019043	
  Style 5 loss: 564.475775	
  Total loss: 1383725.797796	
Iteration 250 / 1000	
  Content 1 loss: 1139591.406250	
  Style 1 loss: 5131.789398	
  Style 2 loss: 52727.374268	
  Style 3 loss: 15815.808105	
  Style 4 loss: 107710.876465	
  Style 5 loss: 587.704039	
  Total loss: 1321564.958525	
Iteration 300 / 1000	
  Content 1 loss: 1110292.578125	
  Style 1 loss: 4581.947327	
  Style 2 loss: 47796.435547	
  Style 3 loss: 13926.254272	
  Style 4 loss: 102971.276855	
  Style 5 loss: 603.203869	
  Total loss: 1280171.695995	
Iteration 350 / 1000	
  Content 1 loss: 1088520.859375	
  Style 1 loss: 3885.007858	
  Style 2 loss: 42861.929321	
  Style 3 loss: 12383.933258	
  Style 4 loss: 101401.684570	
  Style 5 loss: 617.062044	
  Total loss: 1249670.476427	
Iteration 400 / 1000	
  Content 1 loss: 1071795.546875	
  Style 1 loss: 3187.999344	
  Style 2 loss: 39764.691162	
  Style 3 loss: 11341.693878	
  Style 4 loss: 100612.762451	
  Style 5 loss: 627.734709	
  Total loss: 1227330.428419	
Iteration 450 / 1000	
  Content 1 loss: 1059632.812500	
  Style 1 loss: 2541.333389	
  Style 2 loss: 37951.751709	
  Style 3 loss: 10592.068481	
  Style 4 loss: 99869.464111	
  Style 5 loss: 637.715387	
  Total loss: 1211225.145578	
Iteration 500 / 1000	
  Content 1 loss: 1050761.171875	
  Style 1 loss: 2046.035004	
  Style 2 loss: 36887.927246	
  Style 3 loss: 10023.667908	
  Style 4 loss: 99410.327148	
  Style 5 loss: 645.486069	
  Total loss: 1199774.615250	
Iteration 550 / 1000	
  Content 1 loss: 1043363.281250	
  Style 1 loss: 1663.883400	
  Style 2 loss: 36201.443481	
  Style 3 loss: 9653.187561	
  Style 4 loss: 99620.349121	
  Style 5 loss: 649.159193	
  Total loss: 1191151.304007	
Iteration 600 / 1000	
  Content 1 loss: 1037748.359375	
  Style 1 loss: 1376.489735	
  Style 2 loss: 35759.786987	
  Style 3 loss: 9390.240479	
  Style 4 loss: 99525.238037	
  Style 5 loss: 654.596663	
  Total loss: 1184454.711275	
Iteration 650 / 1000	
  Content 1 loss: 1033038.671875	
  Style 1 loss: 1171.671677	
  Style 2 loss: 35318.893433	
  Style 3 loss: 9209.414673	
  Style 4 loss: 99648.077393	
  Style 5 loss: 659.753656	
  Total loss: 1179046.482706	
Iteration 700 / 1000	
  Content 1 loss: 1029637.265625	
  Style 1 loss: 1032.168770	
  Style 2 loss: 35169.598389	
  Style 3 loss: 9044.470215	
  Style 4 loss: 99568.182373	
  Style 5 loss: 662.508965	
  Total loss: 1175114.194336	
Iteration 750 / 1000	
  Content 1 loss: 1026628.281250	
  Style 1 loss: 935.442257	
  Style 2 loss: 35045.440674	
  Style 3 loss: 8921.862793	
  Style 4 loss: 99643.695068	
  Style 5 loss: 665.298223	
  Total loss: 1171840.020266	
Iteration 800 / 1000	
  Content 1 loss: 1024190.859375	
  Style 1 loss: 872.071648	
  Style 2 loss: 34990.310669	
  Style 3 loss: 8844.055176	
  Style 4 loss: 99808.697510	
  Style 5 loss: 667.361736	
  Total loss: 1169373.356113	
Iteration 850 / 1000	
  Content 1 loss: 1021998.203125	
  Style 1 loss: 826.469326	
  Style 2 loss: 34926.776123	
  Style 3 loss: 8753.929138	
  Style 4 loss: 99934.210205	
  Style 5 loss: 669.300461	
  Total loss: 1167108.888378	
Iteration 900 / 1000	
  Content 1 loss: 1019950.703125	
  Style 1 loss: 797.402477	
  Style 2 loss: 34885.528564	
  Style 3 loss: 8679.346466	
  Style 4 loss: 100278.137207	
  Style 5 loss: 670.884180	
  Total loss: 1165262.002020	
Iteration 950 / 1000	
  Content 1 loss: 1018423.437500	
  Style 1 loss: 779.886532	
  Style 2 loss: 34900.567627	
  Style 3 loss: 8627.767944	
  Style 4 loss: 100163.769531	
  Style 5 loss: 671.578693	
  Total loss: 1163567.007828	
Iteration 1000 / 1000	
  Content 1 loss: 1017044.296875	
  Style 1 loss: 769.706535	
  Style 2 loss: 34882.748413	
  Style 3 loss: 8581.816864	
  Style 4 loss: 100266.131592	
  Style 5 loss: 672.587824	
  Total loss: 1162217.288103	
<optim.lbfgs> 	reached max number of iterations	
[libprotobuf WARNING google/protobuf/io/coded_stream.cc:505] Reading dangerously large protocol message.  If the message turns out to be larger than 1073741824 bytes, parsing will be halted for security reasons.  To increase the limit (or to disable these warnings), see CodedInputStream::SetTotalBytesLimit() in google/protobuf/io/coded_stream.h.
[libprotobuf WARNING google/protobuf/io/coded_stream.cc:78] The total number of bytes read was 574671192
[?1034hSuccessfully loaded models/VGG_ILSVRC_19_layers.caffemodel
conv1_1: 64 3 3 3
conv1_2: 64 64 3 3
conv2_1: 128 64 3 3
conv2_2: 128 128 3 3
conv3_1: 256 128 3 3
conv3_2: 256 256 3 3
conv3_3: 256 256 3 3
conv3_4: 256 256 3 3
conv4_1: 512 256 3 3
conv4_2: 512 512 3 3
conv4_3: 512 512 3 3
conv4_4: 512 512 3 3
conv5_1: 512 512 3 3
conv5_2: 512 512 3 3
conv5_3: 512 512 3 3
conv5_4: 512 512 3 3
fc6: 1 1 25088 4096
fc7: 1 1 4096 4096
fc8: 1 1 4096 1000
Setting up style layer  	2	:	relu1_1	
Setting up style layer  	7	:	relu2_1	
Setting up style layer  	12	:	relu3_1	
Setting up style layer  	21	:	relu4_1	
Setting up content layer	23	:	relu4_2	
Setting up style layer  	30	:	relu5_1	
WARNING: Skipping content loss	
Running optimization with L-BFGS	
<optim.lbfgs> 	creating recyclable direction/step/history buffers	
Iteration 50 / 1000	
  Content 1 loss: 1238735.546875	
  Style 1 loss: 46601.654053	
  Style 2 loss: 150469.482422	
  Style 3 loss: 38971.411133	
  Style 4 loss: 151828.698730	
  Style 5 loss: 453.503513	
  Total loss: 1627060.296726	
Iteration 100 / 1000	
  Content 1 loss: 1116289.296875	
  Style 1 loss: 34477.416992	
  Style 2 loss: 88952.160645	
  Style 3 loss: 20093.205261	
  Style 4 loss: 112632.714844	
  Style 5 loss: 541.960049	
  Total loss: 1372986.754665	
Iteration 150 / 1000	
  Content 1 loss: 1069377.031250	
  Style 1 loss: 23378.485107	
  Style 2 loss: 62337.951660	
  Style 3 loss: 14320.413208	
  Style 4 loss: 106739.306641	
  Style 5 loss: 583.392811	
  Total loss: 1276736.580677	
Iteration 200 / 1000	
  Content 1 loss: 1045985.390625	
  Style 1 loss: 14967.706299	
  Style 2 loss: 51065.930176	
  Style 3 loss: 11634.941101	
  Style 4 loss: 104173.327637	
  Style 5 loss: 606.567764	
  Total loss: 1228433.863602	
Iteration 250 / 1000	
  Content 1 loss: 1031716.171875	
  Style 1 loss: 9385.853577	
  Style 2 loss: 44451.727295	
  Style 3 loss: 10125.025940	
  Style 4 loss: 102496.386719	
  Style 5 loss: 619.452858	
  Total loss: 1198794.618263	
Iteration 300 / 1000	
  Content 1 loss: 1022766.640625	
  Style 1 loss: 6043.178940	
  Style 2 loss: 40296.374512	
  Style 3 loss: 9318.910217	
  Style 4 loss: 101458.209229	
  Style 5 loss: 630.869770	
  Total loss: 1180514.183292	
Iteration 350 / 1000	
  Content 1 loss: 1016369.140625	
  Style 1 loss: 4097.202301	
  Style 2 loss: 38241.876221	
  Style 3 loss: 8855.645752	
  Style 4 loss: 101108.245850	
  Style 5 loss: 639.309454	
  Total loss: 1169311.420202	
Iteration 400 / 1000	
  Content 1 loss: 1011973.046875	
  Style 1 loss: 2972.509003	
  Style 2 loss: 37332.699585	
  Style 3 loss: 8617.637634	
  Style 4 loss: 100745.288086	
  Style 5 loss: 643.656826	
  Total loss: 1162284.838009	
Iteration 450 / 1000	
  Content 1 loss: 1009131.406250	
  Style 1 loss: 2411.729622	
  Style 2 loss: 36984.756470	
  Style 3 loss: 8496.305847	
  Style 4 loss: 100557.421875	
  Style 5 loss: 646.597767	
  Total loss: 1158228.217831	
Iteration 500 / 1000	
  Content 1 loss: 1006918.906250	
  Style 1 loss: 2055.112076	
  Style 2 loss: 36796.221924	
  Style 3 loss: 8412.306976	
  Style 4 loss: 100488.592529	
  Style 5 loss: 649.016142	
  Total loss: 1155320.155897	
Iteration 550 / 1000	
  Content 1 loss: 1005524.062500	
  Style 1 loss: 1850.222015	
  Style 2 loss: 36642.858887	
  Style 3 loss: 8383.679199	
  Style 4 loss: 100376.855469	
  Style 5 loss: 650.102854	
  Total loss: 1153427.780924	
